16:39:14 DEBUG : Logs will be stored at '/home/murano/ZC706-Vitis-Workspace/IDE.log'.
16:39:17 INFO  : Launching XSCT server: xsct -n  -interactive /home/murano/ZC706-Vitis-Workspace/temp_xsdb_launch_script.tcl
16:39:17 INFO  : Registering command handlers for Vitis TCF services
16:39:17 INFO  : Platform repository initialization has completed.
16:39:19 INFO  : XSCT server has started successfully.
16:39:19 INFO  : plnx-install-location is set to ''
16:39:19 INFO  : Successfully done setting XSCT server connection channel  
16:39:19 INFO  : Successfully done query RDI_DATADIR 
16:39:19 INFO  : Successfully done setting workspace for the tool. 
16:49:57 DEBUG : Logs will be stored at '/home/murano/ZC706-Vitis-Workspace/IDE.log'.
16:49:57 INFO  : Launching XSCT server: xsct -n  -interactive /home/murano/ZC706-Vitis-Workspace/temp_xsdb_launch_script.tcl
16:49:59 INFO  : Platform repository initialization has completed.
16:49:59 INFO  : XSCT server has started successfully.
16:50:00 INFO  : plnx-install-location is set to ''
16:50:00 INFO  : Successfully done setting XSCT server connection channel  
16:50:00 INFO  : Successfully done setting workspace for the tool. 
16:50:00 INFO  : Successfully done query RDI_DATADIR 
16:50:00 INFO  : Registering command handlers for Vitis TCF services
16:51:15 INFO  : Result from executing command 'getProjects': XDMA_PS_DDR_wrapper
16:51:15 INFO  : Result from executing command 'getPlatforms': xilinx_zcu102_base_202310_1|/home/murano/Vitis/2023.1/base_platforms/xilinx_zcu102_base_202310_1/xilinx_zcu102_base_202310_1.xpfm;xilinx_zcu102_base_dfx_202310_1|/home/murano/Vitis/2023.1/base_platforms/xilinx_zcu102_base_dfx_202310_1/xilinx_zcu102_base_dfx_202310_1.xpfm;xilinx_zcu104_base_202310_1|/home/murano/Vitis/2023.1/base_platforms/xilinx_zcu104_base_202310_1/xilinx_zcu104_base_202310_1.xpfm
16:51:15 WARN  : An unexpected exception occurred in the module 'platform project logging'
16:51:15 INFO  : Platform 'XDMA_PS_DDR_wrapper' is added to custom repositories.
16:51:23 INFO  : Platform 'XDMA_PS_DDR_wrapper' is added to custom repositories.
16:52:43 INFO  : Result from executing command 'getProjects': XDMA_PS_DDR_wrapper
16:52:43 INFO  : Result from executing command 'getPlatforms': XDMA_PS_DDR_wrapper|/home/murano/ZC706-Vitis-Workspace/XDMA_PS_DDR_wrapper/export/XDMA_PS_DDR_wrapper/XDMA_PS_DDR_wrapper.xpfm;xilinx_zcu102_base_202310_1|/home/murano/Vitis/2023.1/base_platforms/xilinx_zcu102_base_202310_1/xilinx_zcu102_base_202310_1.xpfm;xilinx_zcu102_base_dfx_202310_1|/home/murano/Vitis/2023.1/base_platforms/xilinx_zcu102_base_dfx_202310_1/xilinx_zcu102_base_dfx_202310_1.xpfm;xilinx_zcu104_base_202310_1|/home/murano/Vitis/2023.1/base_platforms/xilinx_zcu104_base_202310_1/xilinx_zcu104_base_202310_1.xpfm
16:52:46 INFO  : Checking for BSP changes to sync application flags for project 'ZC706-Vitis'...
11:06:23 INFO  : Build configuration of 'ZC706-Vitis_system' is updated to 'Release'
11:06:23 INFO  : Build configuration of system project is automatically updated to 'Release'.
11:06:25 INFO  : Build configuration of 'ZC706-Vitis_system' is updated to 'Debug'
11:06:25 INFO  : Build configuration of system project is automatically updated to 'Debug'.
14:08:42 INFO  : Result from executing command 'getProjects': XDMA_PS_DDR_wrapper
14:08:42 INFO  : Result from executing command 'getPlatforms': XDMA_PS_DDR_wrapper|/home/murano/ZC706-Vitis-Workspace/XDMA_PS_DDR_wrapper/export/XDMA_PS_DDR_wrapper/XDMA_PS_DDR_wrapper.xpfm;xilinx_zcu102_base_202310_1|/home/murano/Vitis/2023.1/base_platforms/xilinx_zcu102_base_202310_1/xilinx_zcu102_base_202310_1.xpfm;xilinx_zcu102_base_dfx_202310_1|/home/murano/Vitis/2023.1/base_platforms/xilinx_zcu102_base_dfx_202310_1/xilinx_zcu102_base_dfx_202310_1.xpfm;xilinx_zcu104_base_202310_1|/home/murano/Vitis/2023.1/base_platforms/xilinx_zcu104_base_202310_1/xilinx_zcu104_base_202310_1.xpfm
14:08:46 INFO  : Checking for BSP changes to sync application flags for project 'ZC706-Vitis'...
14:12:44 INFO  : Checking for BSP changes to sync application flags for project 'ZC706-Vitis'...
14:59:06 INFO  : Checking for BSP changes to sync application flags for project 'ZC706-Vitis'...
15:00:19 INFO  : Checking for BSP changes to sync application flags for project 'ZC706-Vitis'...
15:00:31 INFO  : Checking for BSP changes to sync application flags for project 'ZC706-Vitis'...
